{"C:\\Users\\disrct\\Desktop\\repo-mongo\\react-node-mongoDB\\src\\commom\\calc.js": {"path":"C:\\Users\\disrct\\Desktop\\repo-mongo\\react-node-mongoDB\\src\\commom\\calc.js","statementMap":{"0":{"start":{"line":1,"column":12},"end":{"line":1,"column":27}},"1":{"start":{"line":1,"column":22},"end":{"line":1,"column":27}},"2":{"start":{"line":3,"column":12},"end":{"line":3,"column":27}},"3":{"start":{"line":3,"column":22},"end":{"line":3,"column":27}},"4":{"start":{"line":5,"column":13},"end":{"line":5,"column":28}},"5":{"start":{"line":5,"column":23},"end":{"line":5,"column":28}},"6":{"start":{"line":7,"column":12},"end":{"line":7,"column":27}},"7":{"start":{"line":7,"column":22},"end":{"line":7,"column":27}},"8":{"start":{"line":10,"column":21},"end":{"line":56,"column":1}},"9":{"start":{"line":19,"column":4},"end":{"line":20,"column":21}},"10":{"start":{"line":20,"column":8},"end":{"line":20,"column":21}},"11":{"start":{"line":21,"column":21},"end":{"line":21,"column":61}},"12":{"start":{"line":23,"column":4},"end":{"line":24,"column":20}},"13":{"start":{"line":24,"column":8},"end":{"line":24,"column":20}},"14":{"start":{"line":26,"column":23},"end":{"line":26,"column":27}},"15":{"start":{"line":28,"column":4},"end":{"line":34,"column":5}},"16":{"start":{"line":28,"column":17},"end":{"line":28,"column":18}},"17":{"start":{"line":29,"column":8},"end":{"line":33,"column":9}},"18":{"start":{"line":31,"column":12},"end":{"line":31,"column":32}},"19":{"start":{"line":32,"column":12},"end":{"line":32,"column":17}},"20":{"start":{"line":35,"column":4},"end":{"line":36,"column":20}},"21":{"start":{"line":36,"column":8},"end":{"line":36,"column":20}},"22":{"start":{"line":38,"column":19},"end":{"line":38,"column":20}},"23":{"start":{"line":39,"column":4},"end":{"line":41,"column":5}},"24":{"start":{"line":39,"column":17},"end":{"line":39,"column":18}},"25":{"start":{"line":40,"column":8},"end":{"line":40,"column":53}},"26":{"start":{"line":43,"column":4},"end":{"line":44,"column":20}},"27":{"start":{"line":44,"column":8},"end":{"line":44,"column":20}},"28":{"start":{"line":46,"column":19},"end":{"line":46,"column":20}},"29":{"start":{"line":48,"column":4},"end":{"line":50,"column":5}},"30":{"start":{"line":48,"column":17},"end":{"line":48,"column":18}},"31":{"start":{"line":49,"column":8},"end":{"line":49,"column":51}},"32":{"start":{"line":52,"column":4},"end":{"line":53,"column":20}},"33":{"start":{"line":53,"column":8},"end":{"line":53,"column":20}},"34":{"start":{"line":55,"column":4},"end":{"line":55,"column":15}},"35":{"start":{"line":60,"column":0},"end":{"line":60,"column":54}}},"fnMap":{"0":{"name":"(anonymous_0)","decl":{"start":{"line":1,"column":12},"end":{"line":1,"column":13}},"loc":{"start":{"line":1,"column":22},"end":{"line":1,"column":27}},"line":1},"1":{"name":"(anonymous_1)","decl":{"start":{"line":3,"column":12},"end":{"line":3,"column":13}},"loc":{"start":{"line":3,"column":22},"end":{"line":3,"column":27}},"line":3},"2":{"name":"(anonymous_2)","decl":{"start":{"line":5,"column":13},"end":{"line":5,"column":14}},"loc":{"start":{"line":5,"column":23},"end":{"line":5,"column":28}},"line":5},"3":{"name":"(anonymous_3)","decl":{"start":{"line":7,"column":12},"end":{"line":7,"column":13}},"loc":{"start":{"line":7,"column":22},"end":{"line":7,"column":27}},"line":7},"4":{"name":"(anonymous_4)","decl":{"start":{"line":10,"column":21},"end":{"line":10,"column":22}},"loc":{"start":{"line":10,"column":30},"end":{"line":56,"column":1}},"line":10}},"branchMap":{"0":{"loc":{"start":{"line":19,"column":4},"end":{"line":20,"column":21}},"type":"if","locations":[{"start":{"line":19,"column":4},"end":{"line":20,"column":21}},{"start":{},"end":{}}],"line":19},"1":{"loc":{"start":{"line":23,"column":4},"end":{"line":24,"column":20}},"type":"if","locations":[{"start":{"line":23,"column":4},"end":{"line":24,"column":20}},{"start":{},"end":{}}],"line":23},"2":{"loc":{"start":{"line":29,"column":8},"end":{"line":33,"column":9}},"type":"if","locations":[{"start":{"line":29,"column":8},"end":{"line":33,"column":9}},{"start":{},"end":{}}],"line":29},"3":{"loc":{"start":{"line":35,"column":4},"end":{"line":36,"column":20}},"type":"if","locations":[{"start":{"line":35,"column":4},"end":{"line":36,"column":20}},{"start":{},"end":{}}],"line":35},"4":{"loc":{"start":{"line":43,"column":4},"end":{"line":44,"column":20}},"type":"if","locations":[{"start":{"line":43,"column":4},"end":{"line":44,"column":20}},{"start":{},"end":{}}],"line":43},"5":{"loc":{"start":{"line":52,"column":4},"end":{"line":53,"column":20}},"type":"if","locations":[{"start":{"line":52,"column":4},"end":{"line":53,"column":20}},{"start":{},"end":{}}],"line":52}},"s":{"0":1,"1":0,"2":1,"3":0,"4":1,"5":0,"6":1,"7":0,"8":1,"9":1,"10":0,"11":1,"12":1,"13":0,"14":1,"15":1,"16":1,"17":1,"18":1,"19":1,"20":1,"21":1,"22":0,"23":0,"24":0,"25":0,"26":0,"27":0,"28":0,"29":0,"30":0,"31":0,"32":0,"33":0,"34":0,"35":1},"f":{"0":0,"1":0,"2":0,"3":0,"4":1},"b":{"0":[0,1],"1":[0,1],"2":[1,0],"3":[1,0],"4":[0,0],"5":[0,0]},"_coverageSchema":"1a1c01bbd47fc00a2c39e90264f33305004495a9","hash":"8aca9ef20695fed7351018371580e3b551c017b0"}
}
