TN:
SF:src\commom\calc.js
FN:1,(anonymous_0)
FN:3,(anonymous_1)
FN:5,(anonymous_2)
FN:7,(anonymous_3)
FN:10,(anonymous_4)
FNF:5
FNH:1
FNDA:0,(anonymous_0)
FNDA:0,(anonymous_1)
FNDA:0,(anonymous_2)
FNDA:0,(anonymous_3)
FNDA:1,(anonymous_4)
DA:1,1
DA:3,1
DA:5,1
DA:7,1
DA:10,1
DA:19,1
DA:20,0
DA:21,1
DA:23,1
DA:24,0
DA:26,1
DA:28,1
DA:29,1
DA:31,1
DA:32,1
DA:35,1
DA:36,1
DA:38,0
DA:39,0
DA:40,0
DA:43,0
DA:44,0
DA:46,0
DA:48,0
DA:49,0
DA:52,0
DA:53,0
DA:55,0
DA:60,1
LF:29
LH:16
BRDA:19,0,0,0
BRDA:19,0,1,1
BRDA:23,1,0,0
BRDA:23,1,1,1
BRDA:29,2,0,1
BRDA:29,2,1,0
BRDA:35,3,0,1
BRDA:35,3,1,0
BRDA:43,4,0,0
BRDA:43,4,1,0
BRDA:52,5,0,0
BRDA:52,5,1,0
BRF:12
BRH:4
end_of_record
